<?xml version="1.0" encoding="UTF-8"?>
<testng-results skipped="0" failed="0" total="1" passed="1">
  <reporter-output>
  </reporter-output>
  <suite name="Default suite" duration-ms="31" started-at="2020-04-18T14:14:34Z" finished-at="2020-04-18T14:14:34Z">
    <groups>
    </groups>
    <test name="Default test" duration-ms="31" started-at="2020-04-18T14:14:34Z" finished-at="2020-04-18T14:14:34Z">
      <class name="mywork.Automation.File">
        <test-method status="PASS" signature="first()[pri:0, instance:mywork.Automation.File@6e8dacdf]" name="first" duration-ms="15" started-at="2020-04-18T19:44:34Z" finished-at="2020-04-18T19:44:34Z">
          <reporter-output>
          </reporter-output>
        </test-method> <!-- first -->
      </class> <!-- mywork.Automation.File -->
    </test> <!-- Default test -->
  </suite> <!-- Default suite -->
</testng-results>
